<?xml version="1.0" encoding="UTF-8"?>
<testsuite xmlns:xsi="http://www.w3.org/2001/XMLSchema-instance" xsi:noNamespaceSchemaLocation="https://maven.apache.org/surefire/maven-surefire-plugin/xsd/surefire-test-report-3.0.xsd" version="3.0" name="com.csvloader.CSVImporterTest" time="0.337" tests="12" errors="0" skipped="0" failures="0">
  <properties>
    <property name="java.specification.version" value="25"/>
    <property name="sun.jnu.encoding" value="UTF-8"/>
    <property name="java.class.path" value="/Users/tanmaypatil/csv-loader-aigen/target/test-classes:/Users/tanmaypatil/csv-loader-aigen/target/classes:/Users/tanmaypatil/.m2/repository/org/postgresql/postgresql/42.6.0/postgresql-42.6.0.jar:/Users/tanmaypatil/.m2/repository/org/checkerframework/checker-qual/3.31.0/checker-qual-3.31.0.jar:/Users/tanmaypatil/.m2/repository/org/slf4j/slf4j-api/2.0.9/slf4j-api-2.0.9.jar:/Users/tanmaypatil/.m2/repository/ch/qos/logback/logback-classic/1.4.11/logback-classic-1.4.11.jar:/Users/tanmaypatil/.m2/repository/ch/qos/logback/logback-core/1.4.11/logback-core-1.4.11.jar:/Users/tanmaypatil/.m2/repository/org/junit/jupiter/junit-jupiter-api/5.10.0/junit-jupiter-api-5.10.0.jar:/Users/tanmaypatil/.m2/repository/org/opentest4j/opentest4j/1.3.0/opentest4j-1.3.0.jar:/Users/tanmaypatil/.m2/repository/org/junit/platform/junit-platform-commons/1.10.0/junit-platform-commons-1.10.0.jar:/Users/tanmaypatil/.m2/repository/org/apiguardian/apiguardian-api/1.1.2/apiguardian-api-1.1.2.jar:/Users/tanmaypatil/.m2/repository/org/junit/jupiter/junit-jupiter-engine/5.10.0/junit-jupiter-engine-5.10.0.jar:/Users/tanmaypatil/.m2/repository/org/junit/platform/junit-platform-engine/1.10.0/junit-platform-engine-1.10.0.jar:/Users/tanmaypatil/.m2/repository/com/h2database/h2/2.2.224/h2-2.2.224.jar:"/>
    <property name="java.vm.vendor" value="Homebrew"/>
    <property name="sun.arch.data.model" value="64"/>
    <property name="java.vendor.url" value="https://github.com/Homebrew/homebrew-core/issues"/>
    <property name="user.timezone" value="Asia/Kolkata"/>
    <property name="os.name" value="Mac OS X"/>
    <property name="java.vm.specification.version" value="25"/>
    <property name="sun.java.launcher" value="SUN_STANDARD"/>
    <property name="user.country" value="IN"/>
    <property name="sun.boot.library.path" value="/opt/homebrew/Cellar/openjdk/25/libexec/openjdk.jdk/Contents/Home/lib"/>
    <property name="sun.java.command" value="/Users/tanmaypatil/csv-loader-aigen/target/surefire/surefirebooter-20251025192133822_3.jar /Users/tanmaypatil/csv-loader-aigen/target/surefire 2025-10-25T19-21-33_796-jvmRun1 surefire-20251025192133822_1tmp surefire_0-20251025192133822_2tmp"/>
    <property name="http.nonProxyHosts" value="local|*.local|169.254/16|*.169.254/16"/>
    <property name="jdk.debug" value="release"/>
    <property name="surefire.test.class.path" value="/Users/tanmaypatil/csv-loader-aigen/target/test-classes:/Users/tanmaypatil/csv-loader-aigen/target/classes:/Users/tanmaypatil/.m2/repository/org/postgresql/postgresql/42.6.0/postgresql-42.6.0.jar:/Users/tanmaypatil/.m2/repository/org/checkerframework/checker-qual/3.31.0/checker-qual-3.31.0.jar:/Users/tanmaypatil/.m2/repository/org/slf4j/slf4j-api/2.0.9/slf4j-api-2.0.9.jar:/Users/tanmaypatil/.m2/repository/ch/qos/logback/logback-classic/1.4.11/logback-classic-1.4.11.jar:/Users/tanmaypatil/.m2/repository/ch/qos/logback/logback-core/1.4.11/logback-core-1.4.11.jar:/Users/tanmaypatil/.m2/repository/org/junit/jupiter/junit-jupiter-api/5.10.0/junit-jupiter-api-5.10.0.jar:/Users/tanmaypatil/.m2/repository/org/opentest4j/opentest4j/1.3.0/opentest4j-1.3.0.jar:/Users/tanmaypatil/.m2/repository/org/junit/platform/junit-platform-commons/1.10.0/junit-platform-commons-1.10.0.jar:/Users/tanmaypatil/.m2/repository/org/apiguardian/apiguardian-api/1.1.2/apiguardian-api-1.1.2.jar:/Users/tanmaypatil/.m2/repository/org/junit/jupiter/junit-jupiter-engine/5.10.0/junit-jupiter-engine-5.10.0.jar:/Users/tanmaypatil/.m2/repository/org/junit/platform/junit-platform-engine/1.10.0/junit-platform-engine-1.10.0.jar:/Users/tanmaypatil/.m2/repository/com/h2database/h2/2.2.224/h2-2.2.224.jar:"/>
    <property name="sun.cpu.endian" value="little"/>
    <property name="user.home" value="/Users/tanmaypatil"/>
    <property name="user.language" value="en"/>
    <property name="java.specification.vendor" value="Oracle Corporation"/>
    <property name="java.version.date" value="2025-09-16"/>
    <property name="java.home" value="/opt/homebrew/Cellar/openjdk/25/libexec/openjdk.jdk/Contents/Home"/>
    <property name="file.separator" value="/"/>
    <property name="basedir" value="/Users/tanmaypatil/csv-loader-aigen"/>
    <property name="java.vm.compressedOopsMode" value="Zero based"/>
    <property name="line.separator" value="&#10;"/>
    <property name="java.vm.specification.vendor" value="Oracle Corporation"/>
    <property name="java.specification.name" value="Java Platform API Specification"/>
    <property name="apple.awt.application.name" value="ForkedBooter"/>
    <property name="surefire.real.class.path" value="/Users/tanmaypatil/csv-loader-aigen/target/surefire/surefirebooter-20251025192133822_3.jar"/>
    <property name="sun.management.compiler" value="HotSpot 64-Bit Tiered Compilers"/>
    <property name="ftp.nonProxyHosts" value="local|*.local|169.254/16|*.169.254/16"/>
    <property name="java.runtime.version" value="25"/>
    <property name="user.name" value="tanmaypatil"/>
    <property name="stdout.encoding" value="UTF-8"/>
    <property name="path.separator" value=":"/>
    <property name="os.version" value="15.3"/>
    <property name="java.runtime.name" value="OpenJDK Runtime Environment"/>
    <property name="file.encoding" value="UTF-8"/>
    <property name="java.vm.name" value="OpenJDK 64-Bit Server VM"/>
    <property name="java.vendor.version" value="Homebrew"/>
    <property name="localRepository" value="/Users/tanmaypatil/.m2/repository"/>
    <property name="java.vendor.url.bug" value="https://github.com/Homebrew/homebrew-core/issues"/>
    <property name="java.io.tmpdir" value="/var/folders/6k/3wb67t0d3t7blc8snwpvptp40000gn/T/"/>
    <property name="java.version" value="25"/>
    <property name="user.dir" value="/Users/tanmaypatil/csv-loader-aigen"/>
    <property name="os.arch" value="aarch64"/>
    <property name="java.vm.specification.name" value="Java Virtual Machine Specification"/>
    <property name="native.encoding" value="UTF-8"/>
    <property name="java.library.path" value="/Users/tanmaypatil/Library/Java/Extensions:/Library/Java/Extensions:/Network/Library/Java/Extensions:/System/Library/Java/Extensions:/usr/lib/java:."/>
    <property name="java.vm.info" value="mixed mode, sharing"/>
    <property name="stderr.encoding" value="UTF-8"/>
    <property name="java.vendor" value="Homebrew"/>
    <property name="java.vm.version" value="25"/>
    <property name="stdin.encoding" value="UTF-8"/>
    <property name="sun.io.unicode.encoding" value="UnicodeBig"/>
    <property name="socksNonProxyHosts" value="local|*.local|169.254/16|*.169.254/16"/>
    <property name="java.class.version" value="69.0"/>
  </properties>
  <testcase name="testImportCSVFromFile" classname="com.csvloader.CSVImporterTest" time="0.048">
    <system-out><![CDATA[2025-10-25 19:21:34.108 [main] INFO  com.csvloader.CSVImporterTest - ========== CSVImporterTest - BeforeAll Setup ==========
2025-10-25 19:21:34.108 [main] INFO  com.csvloader.CSVImporterTest - Test properties loaded successfully
2025-10-25 19:21:34.108 [main] INFO  com.csvloader.CSVImporterTest - Initializing database connection and CSV importer
2025-10-25 19:21:34.109 [main] DEBUG com.csvloader.ApplicationConfig - Initializing ApplicationConfig
2025-10-25 19:21:34.109 [main] DEBUG com.csvloader.ApplicationConfig - Loading configuration from application.properties
2025-10-25 19:21:34.109 [main] DEBUG com.csvloader.ApplicationConfig - Configuration loaded successfully
2025-10-25 19:21:34.109 [main] INFO  com.csvloader.ApplicationConfig - ApplicationConfig initialized successfully
2025-10-25 19:21:34.109 [main] DEBUG com.csvloader.CSVImporter - Initializing CSVImporter
2025-10-25 19:21:34.109 [main] INFO  com.csvloader.CSVImporter - Date format configured as: yyyy-MM-dd'T'HH:mm:ss.SSSXXX
2025-10-25 19:21:34.109 [main] DEBUG com.csvloader.CSVImporter - CSV delimiter configured as: ','
2025-10-25 19:21:34.109 [main] INFO  com.csvloader.CSVImporterTest - Creating test table 'employee'
2025-10-25 19:21:34.109 [main] DEBUG com.csvloader.CSVImporterTest - Creating employee table
2025-10-25 19:21:34.109 [main] DEBUG com.csvloader.DatabaseConnection - Attempting to establish database connection to: jdbc:postgresql://localhost:5432/employee
2025-10-25 19:21:34.109 [main] DEBUG com.csvloader.DatabaseConnection - Loading database driver: org.postgresql.Driver
2025-10-25 19:21:34.138 [main] INFO  com.csvloader.DatabaseConnection - Database connection established successfully
2025-10-25 19:21:34.139 [main] DEBUG com.csvloader.CSVImporterTest - Dropping existing employee table if it exists
2025-10-25 19:21:34.147 [main] DEBUG com.csvloader.CSVImporterTest - Employee table created successfully
2025-10-25 19:21:34.147 [main] INFO  com.csvloader.CSVImporterTest - Test setup completed successfully
2025-10-25 19:21:34.148 [main] DEBUG com.csvloader.CSVImporterTest - BeforeEach - Clearing test data from employee table
2025-10-25 19:21:34.148 [main] DEBUG com.csvloader.DatabaseConnection - Attempting to establish database connection to: jdbc:postgresql://localhost:5432/employee
2025-10-25 19:21:34.148 [main] DEBUG com.csvloader.DatabaseConnection - Loading database driver: org.postgresql.Driver
2025-10-25 19:21:34.153 [main] INFO  com.csvloader.DatabaseConnection - Database connection established successfully
2025-10-25 19:21:34.155 [main] DEBUG com.csvloader.CSVImporterTest - Deleted 0 rows from employee table
2025-10-25 19:21:34.155 [main] INFO  com.csvloader.CSVImporterTest - TEST: testImportCSVFromFile - Starting
2025-10-25 19:21:34.155 [main] DEBUG com.csvloader.CSVImporterTest - Importing employee.csv file
2025-10-25 19:21:34.155 [main] DEBUG com.csvloader.DatabaseConnection - Attempting to establish database connection to: jdbc:postgresql://localhost:5432/employee
2025-10-25 19:21:34.155 [main] DEBUG com.csvloader.DatabaseConnection - Loading database driver: org.postgresql.Driver
2025-10-25 19:21:34.160 [main] INFO  com.csvloader.DatabaseConnection - Database connection established successfully
2025-10-25 19:21:34.190 [main] INFO  com.csvloader.CSVImporterTest - Imported 5 rows from CSV file
2025-10-25 19:21:34.190 [main] DEBUG com.csvloader.CSVImporterTest - Verifying data in database
2025-10-25 19:21:34.190 [main] DEBUG com.csvloader.DatabaseConnection - Attempting to establish database connection to: jdbc:postgresql://localhost:5432/employee
2025-10-25 19:21:34.191 [main] DEBUG com.csvloader.DatabaseConnection - Loading database driver: org.postgresql.Driver
2025-10-25 19:21:34.195 [main] INFO  com.csvloader.DatabaseConnection - Database connection established successfully
2025-10-25 19:21:34.196 [main] INFO  com.csvloader.CSVImporterTest - TEST: testImportCSVFromFile - PASSED
]]></system-out>
  </testcase>
  <testcase name="testImportCSVFromInputStream" classname="com.csvloader.CSVImporterTest" time="0.031">
    <system-out><![CDATA[2025-10-25 19:21:34.196 [main] DEBUG com.csvloader.CSVImporterTest - BeforeEach - Clearing test data from employee table
2025-10-25 19:21:34.196 [main] DEBUG com.csvloader.DatabaseConnection - Attempting to establish database connection to: jdbc:postgresql://localhost:5432/employee
2025-10-25 19:21:34.197 [main] DEBUG com.csvloader.DatabaseConnection - Loading database driver: org.postgresql.Driver
2025-10-25 19:21:34.200 [main] INFO  com.csvloader.DatabaseConnection - Database connection established successfully
2025-10-25 19:21:34.200 [main] DEBUG com.csvloader.CSVImporterTest - Deleted 5 rows from employee table
2025-10-25 19:21:34.201 [main] INFO  com.csvloader.CSVImporterTest - TEST: testImportCSVFromInputStream - Starting
2025-10-25 19:21:34.201 [main] DEBUG com.csvloader.CSVImporterTest - Importing CSV from InputStream
2025-10-25 19:21:34.201 [main] DEBUG com.csvloader.DatabaseConnection - Attempting to establish database connection to: jdbc:postgresql://localhost:5432/employee
2025-10-25 19:21:34.201 [main] DEBUG com.csvloader.DatabaseConnection - Loading database driver: org.postgresql.Driver
2025-10-25 19:21:34.205 [main] INFO  com.csvloader.DatabaseConnection - Database connection established successfully
2025-10-25 19:21:34.223 [main] INFO  com.csvloader.CSVImporterTest - Imported 1 rows from InputStream
2025-10-25 19:21:34.223 [main] DEBUG com.csvloader.CSVImporterTest - Verifying imported data for id=10
2025-10-25 19:21:34.223 [main] DEBUG com.csvloader.DatabaseConnection - Attempting to establish database connection to: jdbc:postgresql://localhost:5432/employee
2025-10-25 19:21:34.223 [main] DEBUG com.csvloader.DatabaseConnection - Loading database driver: org.postgresql.Driver
2025-10-25 19:21:34.226 [main] INFO  com.csvloader.DatabaseConnection - Database connection established successfully
2025-10-25 19:21:34.227 [main] INFO  com.csvloader.CSVImporterTest - TEST: testImportCSVFromInputStream - PASSED
]]></system-out>
  </testcase>
  <testcase name="testImportWithDateFormats" classname="com.csvloader.CSVImporterTest" time="0.028">
    <system-out><![CDATA[2025-10-25 19:21:34.227 [main] DEBUG com.csvloader.CSVImporterTest - BeforeEach - Clearing test data from employee table
2025-10-25 19:21:34.227 [main] DEBUG com.csvloader.DatabaseConnection - Attempting to establish database connection to: jdbc:postgresql://localhost:5432/employee
2025-10-25 19:21:34.227 [main] DEBUG com.csvloader.DatabaseConnection - Loading database driver: org.postgresql.Driver
2025-10-25 19:21:34.231 [main] INFO  com.csvloader.DatabaseConnection - Database connection established successfully
2025-10-25 19:21:34.232 [main] DEBUG com.csvloader.CSVImporterTest - Deleted 1 rows from employee table
2025-10-25 19:21:34.232 [main] INFO  com.csvloader.CSVImporterTest - TEST: testImportWithDateFormats - Starting
2025-10-25 19:21:34.232 [main] DEBUG com.csvloader.CSVImporterTest - Importing CSV with date values
2025-10-25 19:21:34.232 [main] DEBUG com.csvloader.DatabaseConnection - Attempting to establish database connection to: jdbc:postgresql://localhost:5432/employee
2025-10-25 19:21:34.232 [main] DEBUG com.csvloader.DatabaseConnection - Loading database driver: org.postgresql.Driver
2025-10-25 19:21:34.235 [main] INFO  com.csvloader.DatabaseConnection - Database connection established successfully
2025-10-25 19:21:34.251 [main] INFO  com.csvloader.CSVImporterTest - Imported 2 records with dates
2025-10-25 19:21:34.251 [main] DEBUG com.csvloader.CSVImporterTest - Verifying date parsing
2025-10-25 19:21:34.251 [main] DEBUG com.csvloader.DatabaseConnection - Attempting to establish database connection to: jdbc:postgresql://localhost:5432/employee
2025-10-25 19:21:34.251 [main] DEBUG com.csvloader.DatabaseConnection - Loading database driver: org.postgresql.Driver
2025-10-25 19:21:34.254 [main] INFO  com.csvloader.DatabaseConnection - Database connection established successfully
2025-10-25 19:21:34.255 [main] INFO  com.csvloader.CSVImporterTest - TEST: testImportWithDateFormats - PASSED
]]></system-out>
  </testcase>
  <testcase name="testImportWithNullValues" classname="com.csvloader.CSVImporterTest" time="0.026">
    <system-out><![CDATA[2025-10-25 19:21:34.256 [main] DEBUG com.csvloader.CSVImporterTest - BeforeEach - Clearing test data from employee table
2025-10-25 19:21:34.256 [main] DEBUG com.csvloader.DatabaseConnection - Attempting to establish database connection to: jdbc:postgresql://localhost:5432/employee
2025-10-25 19:21:34.256 [main] DEBUG com.csvloader.DatabaseConnection - Loading database driver: org.postgresql.Driver
2025-10-25 19:21:34.259 [main] INFO  com.csvloader.DatabaseConnection - Database connection established successfully
2025-10-25 19:21:34.259 [main] DEBUG com.csvloader.CSVImporterTest - Deleted 2 rows from employee table
2025-10-25 19:21:34.259 [main] DEBUG com.csvloader.DatabaseConnection - Attempting to establish database connection to: jdbc:postgresql://localhost:5432/employee
2025-10-25 19:21:34.259 [main] DEBUG com.csvloader.DatabaseConnection - Loading database driver: org.postgresql.Driver
2025-10-25 19:21:34.263 [main] INFO  com.csvloader.DatabaseConnection - Database connection established successfully
2025-10-25 19:21:34.278 [main] DEBUG com.csvloader.DatabaseConnection - Attempting to establish database connection to: jdbc:postgresql://localhost:5432/employee
2025-10-25 19:21:34.278 [main] DEBUG com.csvloader.DatabaseConnection - Loading database driver: org.postgresql.Driver
2025-10-25 19:21:34.282 [main] INFO  com.csvloader.DatabaseConnection - Database connection established successfully
]]></system-out>
  </testcase>
  <testcase name="testImportWithVariousDataTypes" classname="com.csvloader.CSVImporterTest" time="0.019">
    <system-out><![CDATA[2025-10-25 19:21:34.283 [main] DEBUG com.csvloader.CSVImporterTest - BeforeEach - Clearing test data from employee table
2025-10-25 19:21:34.283 [main] DEBUG com.csvloader.DatabaseConnection - Attempting to establish database connection to: jdbc:postgresql://localhost:5432/employee
2025-10-25 19:21:34.283 [main] DEBUG com.csvloader.DatabaseConnection - Loading database driver: org.postgresql.Driver
2025-10-25 19:21:34.286 [main] INFO  com.csvloader.DatabaseConnection - Database connection established successfully
2025-10-25 19:21:34.287 [main] DEBUG com.csvloader.CSVImporterTest - Deleted 1 rows from employee table
2025-10-25 19:21:34.287 [main] DEBUG com.csvloader.DatabaseConnection - Attempting to establish database connection to: jdbc:postgresql://localhost:5432/employee
2025-10-25 19:21:34.287 [main] DEBUG com.csvloader.DatabaseConnection - Loading database driver: org.postgresql.Driver
2025-10-25 19:21:34.289 [main] INFO  com.csvloader.DatabaseConnection - Database connection established successfully
2025-10-25 19:21:34.299 [main] DEBUG com.csvloader.DatabaseConnection - Attempting to establish database connection to: jdbc:postgresql://localhost:5432/employee
2025-10-25 19:21:34.299 [main] DEBUG com.csvloader.DatabaseConnection - Loading database driver: org.postgresql.Driver
2025-10-25 19:21:34.301 [main] INFO  com.csvloader.DatabaseConnection - Database connection established successfully
]]></system-out>
  </testcase>
  <testcase name="testImportEmptyCSV" classname="com.csvloader.CSVImporterTest" time="0.014">
    <system-out><![CDATA[2025-10-25 19:21:34.302 [main] DEBUG com.csvloader.CSVImporterTest - BeforeEach - Clearing test data from employee table
2025-10-25 19:21:34.302 [main] DEBUG com.csvloader.DatabaseConnection - Attempting to establish database connection to: jdbc:postgresql://localhost:5432/employee
2025-10-25 19:21:34.302 [main] DEBUG com.csvloader.DatabaseConnection - Loading database driver: org.postgresql.Driver
2025-10-25 19:21:34.305 [main] INFO  com.csvloader.DatabaseConnection - Database connection established successfully
2025-10-25 19:21:34.305 [main] DEBUG com.csvloader.CSVImporterTest - Deleted 1 rows from employee table
2025-10-25 19:21:34.306 [main] DEBUG com.csvloader.DatabaseConnection - Attempting to establish database connection to: jdbc:postgresql://localhost:5432/employee
2025-10-25 19:21:34.306 [main] DEBUG com.csvloader.DatabaseConnection - Loading database driver: org.postgresql.Driver
2025-10-25 19:21:34.308 [main] INFO  com.csvloader.DatabaseConnection - Database connection established successfully
]]></system-out>
  </testcase>
  <testcase name="testImportCSVWithMismatchedColumns" classname="com.csvloader.CSVImporterTest" time="0.014">
    <system-out><![CDATA[2025-10-25 19:21:34.316 [main] DEBUG com.csvloader.CSVImporterTest - BeforeEach - Clearing test data from employee table
2025-10-25 19:21:34.316 [main] DEBUG com.csvloader.DatabaseConnection - Attempting to establish database connection to: jdbc:postgresql://localhost:5432/employee
2025-10-25 19:21:34.317 [main] DEBUG com.csvloader.DatabaseConnection - Loading database driver: org.postgresql.Driver
2025-10-25 19:21:34.319 [main] INFO  com.csvloader.DatabaseConnection - Database connection established successfully
2025-10-25 19:21:34.319 [main] DEBUG com.csvloader.CSVImporterTest - Deleted 0 rows from employee table
2025-10-25 19:21:34.320 [main] DEBUG com.csvloader.DatabaseConnection - Attempting to establish database connection to: jdbc:postgresql://localhost:5432/employee
2025-10-25 19:21:34.320 [main] DEBUG com.csvloader.DatabaseConnection - Loading database driver: org.postgresql.Driver
2025-10-25 19:21:34.322 [main] INFO  com.csvloader.DatabaseConnection - Database connection established successfully
]]></system-out>
  </testcase>
  <testcase name="testImportCSVWithInvalidDate" classname="com.csvloader.CSVImporterTest" time="0.013">
    <system-out><![CDATA[2025-10-25 19:21:34.331 [main] DEBUG com.csvloader.CSVImporterTest - BeforeEach - Clearing test data from employee table
2025-10-25 19:21:34.331 [main] DEBUG com.csvloader.DatabaseConnection - Attempting to establish database connection to: jdbc:postgresql://localhost:5432/employee
2025-10-25 19:21:34.331 [main] DEBUG com.csvloader.DatabaseConnection - Loading database driver: org.postgresql.Driver
2025-10-25 19:21:34.333 [main] INFO  com.csvloader.DatabaseConnection - Database connection established successfully
2025-10-25 19:21:34.333 [main] DEBUG com.csvloader.CSVImporterTest - Deleted 0 rows from employee table
2025-10-25 19:21:34.334 [main] DEBUG com.csvloader.DatabaseConnection - Attempting to establish database connection to: jdbc:postgresql://localhost:5432/employee
2025-10-25 19:21:34.334 [main] DEBUG com.csvloader.DatabaseConnection - Loading database driver: org.postgresql.Driver
2025-10-25 19:21:34.336 [main] INFO  com.csvloader.DatabaseConnection - Database connection established successfully
]]></system-out>
  </testcase>
  <testcase name="testImportCSVWithInvalidNumber" classname="com.csvloader.CSVImporterTest" time="0.014">
    <system-out><![CDATA[2025-10-25 19:21:34.344 [main] DEBUG com.csvloader.CSVImporterTest - BeforeEach - Clearing test data from employee table
2025-10-25 19:21:34.344 [main] DEBUG com.csvloader.DatabaseConnection - Attempting to establish database connection to: jdbc:postgresql://localhost:5432/employee
2025-10-25 19:21:34.344 [main] DEBUG com.csvloader.DatabaseConnection - Loading database driver: org.postgresql.Driver
2025-10-25 19:21:34.346 [main] INFO  com.csvloader.DatabaseConnection - Database connection established successfully
2025-10-25 19:21:34.347 [main] DEBUG com.csvloader.CSVImporterTest - Deleted 0 rows from employee table
2025-10-25 19:21:34.347 [main] DEBUG com.csvloader.DatabaseConnection - Attempting to establish database connection to: jdbc:postgresql://localhost:5432/employee
2025-10-25 19:21:34.347 [main] DEBUG com.csvloader.DatabaseConnection - Loading database driver: org.postgresql.Driver
2025-10-25 19:21:34.350 [main] INFO  com.csvloader.DatabaseConnection - Database connection established successfully
]]></system-out>
  </testcase>
  <testcase name="testImportNonExistentFile" classname="com.csvloader.CSVImporterTest" time="0.004">
    <system-out><![CDATA[2025-10-25 19:21:34.358 [main] DEBUG com.csvloader.CSVImporterTest - BeforeEach - Clearing test data from employee table
2025-10-25 19:21:34.358 [main] DEBUG com.csvloader.DatabaseConnection - Attempting to establish database connection to: jdbc:postgresql://localhost:5432/employee
2025-10-25 19:21:34.358 [main] DEBUG com.csvloader.DatabaseConnection - Loading database driver: org.postgresql.Driver
2025-10-25 19:21:34.361 [main] INFO  com.csvloader.DatabaseConnection - Database connection established successfully
2025-10-25 19:21:34.362 [main] DEBUG com.csvloader.CSVImporterTest - Deleted 0 rows from employee table
]]></system-out>
  </testcase>
  <testcase name="testGetDatePattern" classname="com.csvloader.CSVImporterTest" time="0.004">
    <system-out><![CDATA[2025-10-25 19:21:34.363 [main] DEBUG com.csvloader.CSVImporterTest - BeforeEach - Clearing test data from employee table
2025-10-25 19:21:34.363 [main] DEBUG com.csvloader.DatabaseConnection - Attempting to establish database connection to: jdbc:postgresql://localhost:5432/employee
2025-10-25 19:21:34.363 [main] DEBUG com.csvloader.DatabaseConnection - Loading database driver: org.postgresql.Driver
2025-10-25 19:21:34.366 [main] INFO  com.csvloader.DatabaseConnection - Database connection established successfully
2025-10-25 19:21:34.367 [main] DEBUG com.csvloader.CSVImporterTest - Deleted 0 rows from employee table
]]></system-out>
  </testcase>
  <testcase name="testImportMultipleRows" classname="com.csvloader.CSVImporterTest" time="0.021">
    <system-out><![CDATA[2025-10-25 19:21:34.367 [main] DEBUG com.csvloader.CSVImporterTest - BeforeEach - Clearing test data from employee table
2025-10-25 19:21:34.367 [main] DEBUG com.csvloader.DatabaseConnection - Attempting to establish database connection to: jdbc:postgresql://localhost:5432/employee
2025-10-25 19:21:34.367 [main] DEBUG com.csvloader.DatabaseConnection - Loading database driver: org.postgresql.Driver
2025-10-25 19:21:34.370 [main] INFO  com.csvloader.DatabaseConnection - Database connection established successfully
2025-10-25 19:21:34.371 [main] DEBUG com.csvloader.CSVImporterTest - Deleted 0 rows from employee table
2025-10-25 19:21:34.371 [main] DEBUG com.csvloader.DatabaseConnection - Attempting to establish database connection to: jdbc:postgresql://localhost:5432/employee
2025-10-25 19:21:34.371 [main] DEBUG com.csvloader.DatabaseConnection - Loading database driver: org.postgresql.Driver
2025-10-25 19:21:34.374 [main] INFO  com.csvloader.DatabaseConnection - Database connection established successfully
2025-10-25 19:21:34.385 [main] DEBUG com.csvloader.DatabaseConnection - Attempting to establish database connection to: jdbc:postgresql://localhost:5432/employee
2025-10-25 19:21:34.385 [main] DEBUG com.csvloader.DatabaseConnection - Loading database driver: org.postgresql.Driver
2025-10-25 19:21:34.387 [main] INFO  com.csvloader.DatabaseConnection - Database connection established successfully
]]></system-out>
  </testcase>
</testsuite>